(---------------------------------------------------------------------)
(                                                                     )
(    NC DRILL Log                                                     )
(                                                                     )
(    Drawing          : SMARTSLEEVESYSTEM.brd                         )
(    Software Version : 17.2P019                                      )
(    Date/Time        : Wed Feb 01 23:07:05 2017                      )
(                                                                     )
(---------------------------------------------------------------------)



 Processing NC Parameters file 'nc_param.txt' ...

 NC PARAMETERS
 -------------

 FORMAT   		2.5
 MACHINE-OFFSET		x:0.00000	y:0.00000   (inch)
 FEEDRATE		1
 COORDINATES		ABSOLUTE
 OUTPUT-UNITS		ENGLISH
 TOOL-ORDER		INCREASING
 REPEAT-CODES		YES
 SUPPRESS-LEAD-ZEROES	NO
 SUPPRESS-TRAIL-ZEROES	NO
 SUPPRESS-EQUAL		NO
 TOOL-SELECT		NO
 HEADER			none
 LEADER			12
 CODE			ASCII
 SEPARATE		NO
 SEPARATE-ROUTING	NO
 OPTIMIZE_DRILLING	NO
 ENHANCED_EXCELLON	NO
 SCALE			1.000000



 Drill files being output to directory 'C:/USERS/FRED/DOCUMENTS/GITHUB/SMARTSLEEVE/SCHEMATIC/allegro' ...



     'SMARTSLEEVESYSTEM-1-2.drl' created for holes connecting TOP and BOTTOM
     -----------------------------------------------------------------------

           Num     Size      +/- Tolerance     Plating   Quantity

            1.  19.7000    0.0000/  0.0000      PLATED         26
            2.  28.0000    0.0000/  0.0000      PLATED         11
            3.  38.0000    0.0000/  0.0000      PLATED          6
            4.  42.0000    0.0000/  0.0000      PLATED         26
            5. 125.0000    0.0000/  0.0000      PLATED          4

     ---- Total holes:                                         73

     ---- Total head travel:              4.38 feet (1.33 meters)

