{ Using PSTWRITER 17.2.0 d001Jan-30-2017 at 16:32:05 }

#1 WARNING(ORCAP-36038): "No_connect" property on Pin "U4.21" ignored for U4: SCHEMATIC1, PAGE1 (4.10, 5.10). Connecting pin to net "LED_ENABLE".
#2 WARNING(ORCAP-36038): "No_connect" property on Pin "U4.25" ignored for U4: SCHEMATIC1, PAGE1 (4.10, 5.10). Connecting pin to net "LCD_ENABLE".
#3 WARNING(ORCAP-36038): "No_connect" property on Pin "J8.1" ignored for J8: SCHEMATIC1, PAGE1 (4.80, 3.80). Connecting pin to net "RS+".
#4 WARNING(ORCAP-36038): "No_connect" property on Pin "J9.1" ignored for J9: SCHEMATIC1, PAGE1 (5.50, 3.80). Connecting pin to net "RS-".
#5 WARNING(ORCAP-36038): "No_connect" property on Pin "U4.22" ignored for U4: SCHEMATIC1, PAGE1 (4.10, 5.10). Connecting pin to net "LCD_CS".
#6 WARNING(ORCAP-36038): "No_connect" property on Pin "U4.26" ignored for U4: SCHEMATIC1, PAGE1 (4.10, 5.10). Connecting pin to net "LCD_RST".
#7 WARNING(ORCAP-36038): "No_connect" property on Pin "U4.27" ignored for U4: SCHEMATIC1, PAGE1 (4.10, 5.10). Connecting pin to net "LCD_A0".
#8 WARNING(ORCAP-36038): "No_connect" property on Pin "U4.20" ignored for U4: SCHEMATIC1, PAGE1 (4.10, 5.10). Connecting pin to net "ADC_ENABLE".
#9 WARNING(ORCAP-36006): Part Name "MM3Z3V3S_0_DIOC2512X140N_MM3Z3V3S" is renamed to "MM3Z3V3S_0_DIOC2512X140N_MM3Z3V".
#10 WARNING(ORCAP-36006): Part Name "CON2_DIP500P550X533-4N_CON_BATTERY_PACK" is renamed to "CON2_DIP500P550X533-4N_CON_BATT".
#11 WARNING(ORCAP-36006): Part Name "SW PUSHBUTTON_DIP500P550X533-4N_SW PUSHBUTTON" is renamed to "SW PUSHBUTTON_DIP500P550X533-4N".
#12 WARNING(ORCAP-36006): Part Name "SW KEY-SPST_DIP500P550X533-4N_SW KEY-SPST" is renamed to "SW KEY-SPST_DIP500P550X533-4N_S".
#13 WARNING(ORCAP-36006): Part Name "INA327_1_SOP50P440X140-10N_INA327" is renamed to "INA327_1_SOP50P440X140-10N_INA3".
#14 WARNING(ORCAP-36006): Part Name "LD1086_2_TO254P1394X457-4N_LD1086" is renamed to "LD1086_2_TO254P1394X457-4N_LD10".
#15 WARNING(ORCAP-36006): Part Name "ATMEGA128A4U_6_QFP80P1200X1200X120-45N_ATMEGA32U4" is renamed to "ATMEGA128A4U_6_QFP80P1200X1200X".
INFO(ORCAP-36080): Scanning netlist files ...

Loading... C:\USERS\FRED\DOCUMENTS\GITHUB\SMARTSLEEVE\SCHEMATIC\allegro/pstchip.dat

Loading... C:\USERS\FRED\DOCUMENTS\GITHUB\SMARTSLEEVE\SCHEMATIC\allegro/pstchip.dat

Loading... C:\USERS\FRED\DOCUMENTS\GITHUB\SMARTSLEEVE\SCHEMATIC\allegro/pstxprt.dat

Loading... C:\USERS\FRED\DOCUMENTS\GITHUB\SMARTSLEEVE\SCHEMATIC\allegro/pstxnet.dat
packaging the design view...