(---------------------------------------------------------------------)
(                                                                     )
(    ARTWORK LOG                                                      )
(                                                                     )
(    Drawing          : SMARTSLEEVESYSTEM.brd                         )
(    Software Version : 17.2P019                                      )
(    Date/Time        : Sun Feb 05 19:05:20 2017                      )
(                                                                     )
(---------------------------------------------------------------------)


 ---- Photoplot outline rectangle not found; using drawing extents.



Results from parameter file ...
    DEVICE-TYPE           GERBER_RS274X
    OUTPUT-UNITS          INCHES
    FILM-SIZE             2400000 1600000
    FORMAT                2.5
    ABORT-ON-ERROR        NO
    SCALE                 1
    SUPPRESS-LEAD-ZEROES  YES
    SUPPRESS-TRAIL-ZEROES NO
    SUPPRESS-EQUAL        YES
    UNDEF-APT-CONT        NO



================================================================
     PROCESSING FILM < TOP >
     TO FILE < C:/Users/Fred/Documents/GitHub/SmartSleeve/schematic/allegro/TOP.art > ...
================================================================

  FILM PARAMETERS :
  ---------------------------------------------------------
  Undefined line width                0.0
  Mirror code                         NONE
  Rotate angle                        NONE
  Offset x:                           0.0
  Offset y:                           0.0
  Plot negative                       NO
  Suppress unconnected internal pads  NO
  Draw holes only                     NO



  APERTURES USED:
  ---------------------------------------------------------
  TYPE       SIZE/NAME                   ROT   MIRROR MODE 
  ---------------------------------------------------------
  CIRCLE     0.00700                                  DARK 
  CIRCLE     0.01200                                  DARK 
  CIRCLE     0.01500                                  DARK 
  CIRCLE     0.02000                                  DARK 
  CIRCLE     0.02400                                  DARK 
  CIRCLE     0.03000                                  DARK 
  CIRCLE     0.05800                                  DARK 
  CIRCLE     0.06000                                  DARK 
  CIRCLE     0.06500                                  DARK 
  CIRCLE     0.13500                                  DARK 
  SQUARE     0.05500                     0.000 NO     DARK 
  SQUARE     0.05800                     0.000 NO     DARK 
  SQUARE     0.06500                     0.000 NO     DARK 
  RECTANGLE  0.04230     x 0.05710       0.000 NO     DARK 
  RECTANGLE  0.04230     x 0.05710      90.000 NO     DARK 
  RECTANGLE  0.04820     x 0.01180       0.000 NO     DARK 

     TOP created.


================================================================
     PROCESSING FILM < BOTTOM >
     TO FILE < C:/Users/Fred/Documents/GitHub/SmartSleeve/schematic/allegro/BOTTOM.art > ...
================================================================

  FILM PARAMETERS :
  ---------------------------------------------------------
  Undefined line width                0.0
  Mirror code                         NONE
  Rotate angle                        NONE
  Offset x:                           0.0
  Offset y:                           0.0
  Plot negative                       NO
  Suppress unconnected internal pads  NO
  Draw holes only                     NO



  APERTURES USED:
  ---------------------------------------------------------
  TYPE       SIZE/NAME                   ROT   MIRROR MODE 
  ---------------------------------------------------------
  CIRCLE     0.00700                                  DARK 
  CIRCLE     0.01200                                  DARK 
  CIRCLE     0.01500                                  DARK 
  CIRCLE     0.02000                                  DARK 
  CIRCLE     0.02400                                  DARK 
  CIRCLE     0.03000                                  DARK 
  CIRCLE     0.03500                                  DARK 
  CIRCLE     0.04000                                  DARK 
  CIRCLE     0.05000                                  DARK 
  CIRCLE     0.05800                                  DARK 
  CIRCLE     0.06000                                  DARK 
  CIRCLE     0.06500                                  DARK 
  CIRCLE     0.13500                                  DARK 
  SQUARE     0.05500                     0.000 NO     DARK 
  SQUARE     0.05800                     0.000 NO     DARK 
  SQUARE     0.06500                     0.000 NO     DARK 
  RECTANGLE  0.03940     x 0.05310       0.000 NO     DARK 
  RECTANGLE  0.04230     x 0.05710       0.000 NO     DARK 
  RECTANGLE  0.04230     x 0.05710      90.000 NO     DARK 
  RECTANGLE  0.07380     x 0.01180       0.000 NO     DARK 
  RECTANGLE  0.07380     x 0.01180      90.000 NO     DARK 
  RECTANGLE  0.11710     x 0.05790      90.000 NO     DARK 
  RECTANGLE  0.21260     x 0.07090       0.000 NO     DARK 
  RECTANGLE  0.36850     x 0.41810      90.000 NO     DARK 
  OBLONG     0.07380     x 0.01180       0.000 NO     DARK 
  PAD SHAPE  S700C50_TOP               180.000 YES    DARK 

     BOTTOM created.


================================================================
     PROCESSING FILM < SMT >
     TO FILE < C:/Users/Fred/Documents/GitHub/SmartSleeve/schematic/allegro/SMT.art > ...
================================================================

  FILM PARAMETERS :
  ---------------------------------------------------------
  Undefined line width                0.0
  Mirror code                         NONE
  Rotate angle                        NONE
  Offset x:                           0.0
  Offset y:                           0.0
  Plot negative                       NO
  Suppress unconnected internal pads  NO
  Draw holes only                     NO



  APERTURES USED:
  ---------------------------------------------------------
  TYPE       SIZE/NAME                   ROT   MIRROR MODE 
  ---------------------------------------------------------
  CIRCLE     0.04400                                  DARK 
  CIRCLE     0.05820                                  DARK 
  CIRCLE     0.06500                                  DARK 
  CIRCLE     0.14000                                  DARK 
  SQUARE     0.05800                     0.000 NO     DARK 
  SQUARE     0.06500                     0.000 NO     DARK 
  SQUARE     0.08000                     0.000 NO     DARK 
  SQUARE     0.09000                     0.000 NO     DARK 
  RECTANGLE  0.04230     x 0.05710       0.000 NO     DARK 
  RECTANGLE  0.04230     x 0.05710      90.000 NO     DARK 
  RECTANGLE  0.04820     x 0.01180       0.000 NO     DARK 

     SMT created.


================================================================
     PROCESSING FILM < SMB >
     TO FILE < C:/Users/Fred/Documents/GitHub/SmartSleeve/schematic/allegro/SMB.art > ...
================================================================

  FILM PARAMETERS :
  ---------------------------------------------------------
  Undefined line width                0.0
  Mirror code                         NONE
  Rotate angle                        NONE
  Offset x:                           0.0
  Offset y:                           0.0
  Plot negative                       NO
  Suppress unconnected internal pads  NO
  Draw holes only                     NO



  APERTURES USED:
  ---------------------------------------------------------
  TYPE       SIZE/NAME                   ROT   MIRROR MODE 
  ---------------------------------------------------------
  CIRCLE     0.04400                                  DARK 
  CIRCLE     0.05800                                  DARK 
  CIRCLE     0.06500                                  DARK 
  CIRCLE     0.14000                                  DARK 
  SQUARE     0.05800                     0.000 NO     DARK 
  SQUARE     0.06500                     0.000 NO     DARK 
  SQUARE     0.08000                     0.000 NO     DARK 
  RECTANGLE  0.03940     x 0.05310       0.000 NO     DARK 
  RECTANGLE  0.04230     x 0.05710       0.000 NO     DARK 
  RECTANGLE  0.04230     x 0.05710      90.000 NO     DARK 
  RECTANGLE  0.07380     x 0.01180       0.000 NO     DARK 
  RECTANGLE  0.07380     x 0.01180      90.000 NO     DARK 
  RECTANGLE  0.11710     x 0.05790      90.000 NO     DARK 
  RECTANGLE  0.21260     x 0.07090       0.000 NO     DARK 
  RECTANGLE  0.36850     x 0.41810      90.000 NO     DARK 
  OBLONG     0.07380     x 0.01180       0.000 NO     DARK 
  PAD SHAPE  S700C50_SM                180.000 YES    DARK 

     SMB created.


================================================================
     PROCESSING FILM < OUTLINE >
     TO FILE < C:/Users/Fred/Documents/GitHub/SmartSleeve/schematic/allegro/OUTLINE.art > ...
================================================================

  FILM PARAMETERS :
  ---------------------------------------------------------
  Undefined line width                10.0
  Mirror code                         NONE
  Rotate angle                        NONE
  Offset x:                           0.0
  Offset y:                           0.0
  Plot negative                       NO
  Suppress unconnected internal pads  NO
  Draw holes only                     NO



  APERTURES USED:
  ---------------------------------------------------------
  TYPE       SIZE/NAME                   ROT   MIRROR MODE 
  ---------------------------------------------------------
  CIRCLE     0.01000                                  DARK 

     OUTLINE created.


================================================================
     PROCESSING FILM < DRILLLEGEND >
     TO FILE < C:/Users/Fred/Documents/GitHub/SmartSleeve/schematic/allegro/DRILLLEGEND.art > ...
================================================================

  FILM PARAMETERS :
  ---------------------------------------------------------
  Undefined line width                10.0
  Mirror code                         NONE
  Rotate angle                        NONE
  Offset x:                           0.0
  Offset y:                           0.0
  Plot negative                       NO
  Suppress unconnected internal pads  NO
  Draw holes only                     NO

    WARNING: 0 width line found at (-100.0 3460.0)
           ... using undefined line width of 10.0

    WARNING: Multiple 0 width lines; all will be treated the same as the first.
           ... using undefined line width of 10.0

    WARNING: text composed 0 width line found at (349.5 4772.5)
           ... using undefined line width of 10.0

    WARNING: text having Multiple 0 width lines; all will be treated the same as the first.
           ... using undefined line width of 10.0



  APERTURES USED:
  ---------------------------------------------------------
  TYPE       SIZE/NAME                   ROT   MIRROR MODE 
  ---------------------------------------------------------
  CIRCLE     0.01000                                  DARK 

     DRILLLEGEND created with warnings


================================================================
     PROCESSING FILM < SST >
     TO FILE < C:/Users/Fred/Documents/GitHub/SmartSleeve/schematic/allegro/SST.art > ...
================================================================

  FILM PARAMETERS :
  ---------------------------------------------------------
  Undefined line width                7.0
  Mirror code                         NONE
  Rotate angle                        NONE
  Offset x:                           0.0
  Offset y:                           0.0
  Plot negative                       NO
  Suppress unconnected internal pads  NO
  Draw holes only                     NO



  APERTURES USED:
  ---------------------------------------------------------
  TYPE       SIZE/NAME                   ROT   MIRROR MODE 
  ---------------------------------------------------------
  CIRCLE     0.00700                                  DARK 
  CIRCLE     0.00790                                  DARK 

     SST created.


================================================================
     PROCESSING FILM < SSB >
     TO FILE < C:/Users/Fred/Documents/GitHub/SmartSleeve/schematic/allegro/SSB.art > ...
================================================================

  FILM PARAMETERS :
  ---------------------------------------------------------
  Undefined line width                7.0
  Mirror code                         NONE
  Rotate angle                        NONE
  Offset x:                           0.0
  Offset y:                           0.0
  Plot negative                       NO
  Suppress unconnected internal pads  NO
  Draw holes only                     NO



  APERTURES USED:
  ---------------------------------------------------------
  TYPE       SIZE/NAME                   ROT   MIRROR MODE 
  ---------------------------------------------------------
  CIRCLE     0.00700                                  DARK 
  CIRCLE     0.00790                                  DARK 

     SSB created.


------------------------------------------------------
 SUMMARY:
        TOP created.
        BOTTOM created.
        SMT created.
        SMB created.
        OUTLINE created.
        DRILLLEGEND created with warnings
        SST created.
        SSB created.

 ARTWORK had warnings
